<?xml version="1.0" encoding="UTF-8"?>
<testng-results ignored="14" total="37" passed="22" failed="1" skipped="0">
  <reporter-output>
  </reporter-output>
  <suite started-at="2022-08-02T15:40:28 IST" name="Suite" finished-at="2022-08-02T15:45:16 IST" duration-ms="288091">
    <groups>
      <group name="Regression">
        <method signature="ClientTest.searchclientpageTest()[pri:0, instance:TestCases.ClientTest@514646ef]" name="searchclientpageTest" class="TestCases.ClientTest"/>
        <method signature="LoginTest.BothInvalid()[pri:0, instance:TestCases.LoginTest@17fc391b]" name="BothInvalid" class="TestCases.LoginTest"/>
      </group> <!-- Regression -->
    </groups>
    <test started-at="2022-08-02T15:40:28 IST" name="Test" finished-at="2022-08-02T15:45:16 IST" duration-ms="288091">
      <class name="TestCases.AddDeductionTest">
        <test-method is-config="true" signature="firstcall()[pri:0, instance:TestCases.AddDeductionTest@73eb439a]" started-at="2022-08-02T15:41:31 IST" name="firstcall" finished-at="2022-08-02T15:41:34 IST" duration-ms="3472" status="PASS">
          <reporter-output>
          </reporter-output>
        </test-method> <!-- firstcall -->
        <test-method signature="addWorkerDeduction()[pri:0, instance:TestCases.AddDeductionTest@73eb439a]" started-at="2022-08-02T15:41:34 IST" name="addWorkerDeduction" finished-at="2022-08-02T15:41:46 IST" duration-ms="11892" status="PASS">
          <reporter-output>
          </reporter-output>
        </test-method> <!-- addWorkerDeduction -->
        <test-method is-config="true" signature="endBrowser()[pri:0, instance:TestCases.AddDeductionTest@73eb439a]" started-at="2022-08-02T15:41:46 IST" name="endBrowser" finished-at="2022-08-02T15:41:46 IST" duration-ms="123" status="PASS">
          <reporter-output>
          </reporter-output>
        </test-method> <!-- endBrowser -->
        <test-method is-config="true" signature="firstcall()[pri:0, instance:TestCases.AddDeductionTest@73eb439a]" started-at="2022-08-02T15:41:46 IST" name="firstcall" finished-at="2022-08-02T15:41:51 IST" duration-ms="4677" status="PASS">
          <reporter-output>
          </reporter-output>
        </test-method> <!-- firstcall -->
        <test-method signature="withoutfillMandatoryFeild()[pri:0, instance:TestCases.AddDeductionTest@73eb439a]" started-at="2022-08-02T15:41:51 IST" name="withoutfillMandatoryFeild" finished-at="2022-08-02T15:42:00 IST" duration-ms="8908" status="PASS">
          <reporter-output>
          </reporter-output>
        </test-method> <!-- withoutfillMandatoryFeild -->
        <test-method is-config="true" signature="endBrowser()[pri:0, instance:TestCases.AddDeductionTest@73eb439a]" started-at="2022-08-02T15:42:00 IST" name="endBrowser" finished-at="2022-08-02T15:42:00 IST" duration-ms="113" status="PASS">
          <reporter-output>
          </reporter-output>
        </test-method> <!-- endBrowser -->
      </class> <!-- TestCases.AddDeductionTest -->
      <class name="TestCases.LoginTest">
        <test-method is-config="true" signature="loadConfig()[pri:0, instance:TestCases.LoginTest@17fc391b]" started-at="2022-08-02T15:40:27 IST" name="loadConfig" finished-at="2022-08-02T15:40:28 IST" duration-ms="298" status="PASS">
          <reporter-output>
          </reporter-output>
        </test-method> <!-- loadConfig -->
        <test-method is-config="true" signature="firstcall()[pri:0, instance:TestCases.LoginTest@17fc391b]" started-at="2022-08-02T15:40:28 IST" name="firstcall" finished-at="2022-08-02T15:41:02 IST" duration-ms="34332" status="PASS">
          <reporter-output>
          </reporter-output>
        </test-method> <!-- firstcall -->
        <test-method signature="LoginTest()[pri:-1, instance:TestCases.LoginTest@17fc391b]" started-at="2022-08-02T15:41:02 IST" name="LoginTest" finished-at="2022-08-02T15:41:04 IST" duration-ms="2338" status="PASS">
          <reporter-output>
          </reporter-output>
        </test-method> <!-- LoginTest -->
        <test-method is-config="true" signature="endBrowser()[pri:0, instance:TestCases.LoginTest@17fc391b]" started-at="2022-08-02T15:41:04 IST" name="endBrowser" finished-at="2022-08-02T15:41:05 IST" duration-ms="118" status="PASS">
          <reporter-output>
          </reporter-output>
        </test-method> <!-- endBrowser -->
        <test-method is-config="true" signature="firstcall()[pri:0, instance:TestCases.LoginTest@17fc391b]" started-at="2022-08-02T15:41:05 IST" name="firstcall" finished-at="2022-08-02T15:41:09 IST" duration-ms="4186" status="PASS">
          <reporter-output>
          </reporter-output>
        </test-method> <!-- firstcall -->
        <test-method signature="BothInvalid()[pri:0, instance:TestCases.LoginTest@17fc391b]" started-at="2022-08-02T15:41:09 IST" name="BothInvalid" finished-at="2022-08-02T15:41:10 IST" duration-ms="1164" status="PASS">
          <reporter-output>
          </reporter-output>
        </test-method> <!-- BothInvalid -->
        <test-method is-config="true" signature="endBrowser()[pri:0, instance:TestCases.LoginTest@17fc391b]" started-at="2022-08-02T15:41:10 IST" name="endBrowser" finished-at="2022-08-02T15:41:10 IST" duration-ms="100" status="PASS">
          <reporter-output>
          </reporter-output>
        </test-method> <!-- endBrowser -->
        <test-method is-config="true" signature="firstcall()[pri:0, instance:TestCases.LoginTest@17fc391b]" started-at="2022-08-02T15:41:10 IST" name="firstcall" finished-at="2022-08-02T15:41:14 IST" duration-ms="4422" status="PASS">
          <reporter-output>
          </reporter-output>
        </test-method> <!-- firstcall -->
        <test-method signature="InvalidPassword(java.lang.String,java.lang.String)[pri:1, instance:TestCases.LoginTest@17fc391b]" started-at="2022-08-02T15:41:14 IST" name="InvalidPassword" data-provider="getlogin" finished-at="2022-08-02T15:41:15 IST" duration-ms="588" status="PASS">
          <params>
            <param index="0">
              <value>
                <![CDATA[carol123]]>
              </value>
            </param>
            <param index="1">
              <value>
                <![CDATA[123]]>
              </value>
            </param>
          </params>
          <reporter-output>
          </reporter-output>
        </test-method> <!-- InvalidPassword -->
        <test-method is-config="true" signature="endBrowser()[pri:0, instance:TestCases.LoginTest@17fc391b]" started-at="2022-08-02T15:41:15 IST" name="endBrowser" finished-at="2022-08-02T15:41:15 IST" duration-ms="113" status="PASS">
          <reporter-output>
          </reporter-output>
        </test-method> <!-- endBrowser -->
        <test-method is-config="true" signature="firstcall()[pri:0, instance:TestCases.LoginTest@17fc391b]" started-at="2022-08-02T15:41:15 IST" name="firstcall" finished-at="2022-08-02T15:41:19 IST" duration-ms="3440" status="PASS">
          <reporter-output>
          </reporter-output>
        </test-method> <!-- firstcall -->
        <test-method signature="InvalidPassword(java.lang.String,java.lang.String)[pri:1, instance:TestCases.LoginTest@17fc391b]" started-at="2022-08-02T15:41:19 IST" name="InvalidPassword" data-provider="getlogin" finished-at="2022-08-02T15:41:19 IST" duration-ms="327" status="PASS">
          <params>
            <param index="0">
              <value>
                <![CDATA[carol]]>
              </value>
            </param>
            <param index="1">
              <value>
                <![CDATA[1q2w3e]]>
              </value>
            </param>
          </params>
          <reporter-output>
          </reporter-output>
        </test-method> <!-- InvalidPassword -->
        <test-method is-config="true" signature="endBrowser()[pri:0, instance:TestCases.LoginTest@17fc391b]" started-at="2022-08-02T15:41:19 IST" name="endBrowser" finished-at="2022-08-02T15:41:19 IST" duration-ms="66" status="PASS">
          <reporter-output>
          </reporter-output>
        </test-method> <!-- endBrowser -->
        <test-method is-config="true" signature="firstcall()[pri:0, instance:TestCases.LoginTest@17fc391b]" started-at="2022-08-02T15:41:19 IST" name="firstcall" finished-at="2022-08-02T15:41:26 IST" duration-ms="6974" status="PASS">
          <reporter-output>
          </reporter-output>
        </test-method> <!-- firstcall -->
        <test-method signature="InvalidUserName()[pri:2, instance:TestCases.LoginTest@17fc391b]" started-at="2022-08-02T15:41:26 IST" name="InvalidUserName" finished-at="2022-08-02T15:41:26 IST" duration-ms="345" status="PASS">
          <reporter-output>
          </reporter-output>
        </test-method> <!-- InvalidUserName -->
        <test-method is-config="true" signature="endBrowser()[pri:0, instance:TestCases.LoginTest@17fc391b]" started-at="2022-08-02T15:41:26 IST" name="endBrowser" finished-at="2022-08-02T15:41:26 IST" duration-ms="67" status="PASS">
          <reporter-output>
          </reporter-output>
        </test-method> <!-- endBrowser -->
        <test-method is-config="true" signature="firstcall()[pri:0, instance:TestCases.LoginTest@17fc391b]" started-at="2022-08-02T15:41:26 IST" name="firstcall" finished-at="2022-08-02T15:41:30 IST" duration-ms="4139" status="PASS">
          <reporter-output>
          </reporter-output>
        </test-method> <!-- firstcall -->
        <test-method signature="Emptyuserpass()[pri:4, instance:TestCases.LoginTest@17fc391b]" started-at="2022-08-02T15:41:30 IST" name="Emptyuserpass" finished-at="2022-08-02T15:41:31 IST" duration-ms="319" status="PASS">
          <reporter-output>
          </reporter-output>
        </test-method> <!-- Emptyuserpass -->
        <test-method is-config="true" signature="endBrowser()[pri:0, instance:TestCases.LoginTest@17fc391b]" started-at="2022-08-02T15:41:31 IST" name="endBrowser" finished-at="2022-08-02T15:41:31 IST" duration-ms="126" status="PASS">
          <reporter-output>
          </reporter-output>
        </test-method> <!-- endBrowser -->
        <test-method is-config="true" signature="endReport()[pri:0, instance:TestCases.LoginTest@17fc391b]" started-at="2022-08-02T15:45:16 IST" name="endReport" finished-at="2022-08-02T15:45:16 IST" duration-ms="418" status="PASS">
          <reporter-output>
          </reporter-output>
        </test-method> <!-- endReport -->
      </class> <!-- TestCases.LoginTest -->
      <class name="TestCases.CreateClientTest">
        <test-method is-config="true" signature="firstcall()[pri:0, instance:TestCases.CreateClientTest@305ffe9e]" started-at="2022-08-02T15:42:27 IST" name="firstcall" finished-at="2022-08-02T15:42:31 IST" duration-ms="3842" status="PASS">
          <reporter-output>
          </reporter-output>
        </test-method> <!-- firstcall -->
        <test-method signature="createNewClient()[pri:0, instance:TestCases.CreateClientTest@305ffe9e]" started-at="2022-08-02T15:42:31 IST" name="createNewClient" finished-at="2022-08-02T15:42:47 IST" duration-ms="16198" status="PASS">
          <reporter-output>
          </reporter-output>
        </test-method> <!-- createNewClient -->
        <test-method is-config="true" signature="endBrowser()[pri:0, instance:TestCases.CreateClientTest@305ffe9e]" started-at="2022-08-02T15:42:47 IST" name="endBrowser" finished-at="2022-08-02T15:42:47 IST" duration-ms="111" status="PASS">
          <reporter-output>
          </reporter-output>
        </test-method> <!-- endBrowser -->
        <test-method is-config="true" signature="firstcall()[pri:0, instance:TestCases.CreateClientTest@305ffe9e]" started-at="2022-08-02T15:42:47 IST" name="firstcall" finished-at="2022-08-02T15:42:53 IST" duration-ms="5966" status="PASS">
          <reporter-output>
          </reporter-output>
        </test-method> <!-- firstcall -->
        <test-method signature="fillAllMandatoryFields()[pri:0, instance:TestCases.CreateClientTest@305ffe9e]" started-at="2022-08-02T15:42:53 IST" name="fillAllMandatoryFields" finished-at="2022-08-02T15:43:04 IST" duration-ms="11095" status="PASS">
          <reporter-output>
          </reporter-output>
        </test-method> <!-- fillAllMandatoryFields -->
        <test-method is-config="true" signature="endBrowser()[pri:0, instance:TestCases.CreateClientTest@305ffe9e]" started-at="2022-08-02T15:43:04 IST" name="endBrowser" finished-at="2022-08-02T15:43:04 IST" duration-ms="114" status="PASS">
          <reporter-output>
          </reporter-output>
        </test-method> <!-- endBrowser -->
        <test-method is-config="true" signature="firstcall()[pri:0, instance:TestCases.CreateClientTest@305ffe9e]" started-at="2022-08-02T15:43:04 IST" name="firstcall" finished-at="2022-08-02T15:43:08 IST" duration-ms="3558" status="PASS">
          <reporter-output>
          </reporter-output>
        </test-method> <!-- firstcall -->
        <test-method signature="withoutFilledMandatoryFields()[pri:0, instance:TestCases.CreateClientTest@305ffe9e]" started-at="2022-08-02T15:43:08 IST" name="withoutFilledMandatoryFields" finished-at="2022-08-02T15:43:15 IST" duration-ms="7861" status="PASS">
          <reporter-output>
          </reporter-output>
        </test-method> <!-- withoutFilledMandatoryFields -->
        <test-method is-config="true" signature="endBrowser()[pri:0, instance:TestCases.CreateClientTest@305ffe9e]" started-at="2022-08-02T15:43:15 IST" name="endBrowser" finished-at="2022-08-02T15:43:16 IST" duration-ms="139" status="PASS">
          <reporter-output>
          </reporter-output>
        </test-method> <!-- endBrowser -->
      </class> <!-- TestCases.CreateClientTest -->
      <class name="TestCases.TimeSheetTest">
        <test-method is-config="true" signature="firstcall()[pri:0, instance:TestCases.TimeSheetTest@7ae0a9ec]" started-at="2022-08-02T15:44:21 IST" name="firstcall" finished-at="2022-08-02T15:44:28 IST" duration-ms="6620" status="PASS">
          <reporter-output>
          </reporter-output>
        </test-method> <!-- firstcall -->
        <test-method signature="clickPending()[pri:0, instance:TestCases.TimeSheetTest@7ae0a9ec]" started-at="2022-08-02T15:44:28 IST" name="clickPending" finished-at="2022-08-02T15:44:32 IST" duration-ms="4167" status="PASS">
          <reporter-output>
          </reporter-output>
        </test-method> <!-- clickPending -->
        <test-method is-config="true" signature="endBrowser()[pri:0, instance:TestCases.TimeSheetTest@7ae0a9ec]" started-at="2022-08-02T15:44:32 IST" name="endBrowser" finished-at="2022-08-02T15:44:32 IST" duration-ms="122" status="PASS">
          <reporter-output>
          </reporter-output>
        </test-method> <!-- endBrowser -->
        <test-method is-config="true" signature="firstcall()[pri:0, instance:TestCases.TimeSheetTest@7ae0a9ec]" started-at="2022-08-02T15:44:32 IST" name="firstcall" finished-at="2022-08-02T15:44:37 IST" duration-ms="4839" status="PASS">
          <reporter-output>
          </reporter-output>
        </test-method> <!-- firstcall -->
        <test-method signature="eyeClick_View()[pri:0, instance:TestCases.TimeSheetTest@7ae0a9ec]" started-at="2022-08-02T15:44:37 IST" name="eyeClick_View" finished-at="2022-08-02T15:44:41 IST" duration-ms="3815" status="PASS">
          <reporter-output>
          </reporter-output>
        </test-method> <!-- eyeClick_View -->
        <test-method is-config="true" signature="endBrowser()[pri:0, instance:TestCases.TimeSheetTest@7ae0a9ec]" started-at="2022-08-02T15:44:41 IST" name="endBrowser" finished-at="2022-08-02T15:44:41 IST" duration-ms="70" status="PASS">
          <reporter-output>
          </reporter-output>
        </test-method> <!-- endBrowser -->
        <test-method is-config="true" signature="firstcall()[pri:0, instance:TestCases.TimeSheetTest@7ae0a9ec]" started-at="2022-08-02T15:44:41 IST" name="firstcall" finished-at="2022-08-02T15:44:44 IST" duration-ms="3458" status="PASS">
          <reporter-output>
          </reporter-output>
        </test-method> <!-- firstcall -->
        <test-method signature="pencilClick_edit()[pri:0, instance:TestCases.TimeSheetTest@7ae0a9ec]" started-at="2022-08-02T15:44:44 IST" name="pencilClick_edit" finished-at="2022-08-02T15:44:49 IST" duration-ms="4429" status="FAIL">
          <exception class="org.openqa.selenium.json.JsonException">
            <message>
              <![CDATA[java.lang.reflect.InvocationTargetException
Build info: version: '4.1.4', revision: '535d840ee2'
System info: host: 'DESKTOP-47A802P', ip: '192.168.1.2', os.name: 'Windows 10', os.arch: 'amd64', os.version: '10.0', java.version: '17.0.2'
Driver info: org.openqa.selenium.chrome.ChromeDriver
Command: [7f171c77698def38532ce09e4343e657, actions {actions=[org.openqa.selenium.interactions.Sequence@3940c41c]}]
Capabilities {acceptInsecureCerts: false, browserName: chrome, browserVersion: 103.0.5060.134, chrome: {chromedriverVersion: 103.0.5060.134 (8ec6fce403b..., userDataDir: C:\Users\HP\AppData\Local\T...}, goog:chromeOptions: {debuggerAddress: localhost:58889}, javascriptEnabled: true, networkConnectionEnabled: false, pageLoadStrategy: normal, platform: WINDOWS, platformName: WINDOWS, proxy: Proxy(), se:cdp: ws://localhost:58889/devtoo..., se:cdpVersion: 103.0.5060.134, setWindowRect: true, strictFileInteractability: false, timeouts: {implicit: 0, pageLoad: 300000, script: 30000}, unhandledPromptBehavior: dismiss and notify, webauthn:extension:credBlob: true, webauthn:extension:largeBlob: true, webauthn:virtualAuthenticators: true}
Session ID: 7f171c77698def38532ce09e4343e657]]>
            </message>
            <full-stacktrace>
              <![CDATA[org.openqa.selenium.json.JsonException: java.lang.reflect.InvocationTargetException
Build info: version: '4.1.4', revision: '535d840ee2'
System info: host: 'DESKTOP-47A802P', ip: '192.168.1.2', os.name: 'Windows 10', os.arch: 'amd64', os.version: '10.0', java.version: '17.0.2'
Driver info: org.openqa.selenium.chrome.ChromeDriver
Command: [7f171c77698def38532ce09e4343e657, actions {actions=[org.openqa.selenium.interactions.Sequence@3940c41c]}]
Capabilities {acceptInsecureCerts: false, browserName: chrome, browserVersion: 103.0.5060.134, chrome: {chromedriverVersion: 103.0.5060.134 (8ec6fce403b..., userDataDir: C:\Users\HP\AppData\Local\T...}, goog:chromeOptions: {debuggerAddress: localhost:58889}, javascriptEnabled: true, networkConnectionEnabled: false, pageLoadStrategy: normal, platform: WINDOWS, platformName: WINDOWS, proxy: Proxy(), se:cdp: ws://localhost:58889/devtoo..., se:cdpVersion: 103.0.5060.134, setWindowRect: true, strictFileInteractability: false, timeouts: {implicit: 0, pageLoad: 300000, script: 30000}, unhandledPromptBehavior: dismiss and notify, webauthn:extension:credBlob: true, webauthn:extension:largeBlob: true, webauthn:virtualAuthenticators: true}
Session ID: 7f171c77698def38532ce09e4343e657
at org.openqa.selenium.json.JsonOutput.convertUsingMethod(JsonOutput.java:362)
at org.openqa.selenium.json.JsonOutput.lambda$new$16(JsonOutput.java:154)
at org.openqa.selenium.json.JsonOutput.write(JsonOutput.java:287)
at org.openqa.selenium.json.JsonOutput.lambda$new$22(JsonOutput.java:169)
at java.base/java.util.stream.ForEachOps$ForEachOp$OfRef.accept(ForEachOps.java:183)
at java.base/java.util.stream.ReferencePipeline$2$1.accept(ReferencePipeline.java:179)
at java.base/java.util.Iterator.forEachRemaining(Iterator.java:133)
at java.base/java.util.Spliterators$IteratorSpliterator.forEachRemaining(Spliterators.java:1845)
at java.base/java.util.stream.AbstractPipeline.copyInto(AbstractPipeline.java:509)
at java.base/java.util.stream.AbstractPipeline.wrapAndCopyInto(AbstractPipeline.java:499)
at java.base/java.util.stream.ForEachOps$ForEachOp.evaluateSequential(ForEachOps.java:150)
at java.base/java.util.stream.ForEachOps$ForEachOp$OfRef.evaluateSequential(ForEachOps.java:173)
at java.base/java.util.stream.AbstractPipeline.evaluate(AbstractPipeline.java:234)
at java.base/java.util.stream.ReferencePipeline.forEach(ReferencePipeline.java:596)
at org.openqa.selenium.json.JsonOutput.lambda$new$23(JsonOutput.java:169)
at org.openqa.selenium.json.JsonOutput.write(JsonOutput.java:287)
at org.openqa.selenium.json.JsonOutput.lambda$new$24(JsonOutput.java:182)
at com.google.common.collect.SingletonImmutableBiMap.forEach(SingletonImmutableBiMap.java:68)
at org.openqa.selenium.json.JsonOutput.lambda$new$25(JsonOutput.java:177)
at org.openqa.selenium.json.JsonOutput.write(JsonOutput.java:287)
at org.openqa.selenium.json.JsonOutput.write(JsonOutput.java:278)
at org.openqa.selenium.json.Json.toJson(Json.java:42)
at org.openqa.selenium.remote.codec.AbstractHttpCommandCodec.encode(AbstractHttpCommandCodec.java:259)
at org.openqa.selenium.remote.codec.AbstractHttpCommandCodec.encode(AbstractHttpCommandCodec.java:127)
at org.openqa.selenium.remote.HttpCommandExecutor.execute(HttpCommandExecutor.java:172)
at org.openqa.selenium.remote.service.DriverCommandExecutor.invokeExecute(DriverCommandExecutor.java:167)
at org.openqa.selenium.remote.service.DriverCommandExecutor.execute(DriverCommandExecutor.java:142)
at org.openqa.selenium.remote.RemoteWebDriver.execute(RemoteWebDriver.java:567)
at org.openqa.selenium.remote.RemoteWebDriver.perform(RemoteWebDriver.java:635)
at org.openqa.selenium.interactions.Actions$BuiltAction.perform(Actions.java:656)
at com.payroll.Actions.Action.click(Action.java:42)
at TestCases.TimeSheetTest.pencilClick_edit(TimeSheetTest.java:53)
at java.base/jdk.internal.reflect.NativeMethodAccessorImpl.invoke0(Native Method)
at java.base/jdk.internal.reflect.NativeMethodAccessorImpl.invoke(NativeMethodAccessorImpl.java:77)
at java.base/jdk.internal.reflect.DelegatingMethodAccessorImpl.invoke(DelegatingMethodAccessorImpl.java:43)
at java.base/java.lang.reflect.Method.invoke(Method.java:568)
at org.testng.internal.invokers.MethodInvocationHelper.invokeMethod(MethodInvocationHelper.java:135)
at org.testng.internal.invokers.TestInvoker.invokeMethod(TestInvoker.java:673)
at org.testng.internal.invokers.TestInvoker.invokeTestMethod(TestInvoker.java:220)
at org.testng.internal.invokers.MethodRunner.runInSequence(MethodRunner.java:50)
at org.testng.internal.invokers.TestInvoker$MethodInvocationAgent.invoke(TestInvoker.java:945)
at org.testng.internal.invokers.TestInvoker.invokeTestMethods(TestInvoker.java:193)
at org.testng.internal.invokers.TestMethodWorker.invokeTestMethods(TestMethodWorker.java:146)
at org.testng.internal.invokers.TestMethodWorker.run(TestMethodWorker.java:128)
at java.base/java.util.ArrayList.forEach(ArrayList.java:1511)
at org.testng.TestRunner.privateRun(TestRunner.java:808)
at org.testng.TestRunner.run(TestRunner.java:603)
at org.testng.SuiteRunner.runTest(SuiteRunner.java:429)
at org.testng.SuiteRunner.runSequentially(SuiteRunner.java:423)
at org.testng.SuiteRunner.privateRun(SuiteRunner.java:383)
at org.testng.SuiteRunner.run(SuiteRunner.java:326)
at org.testng.SuiteRunnerWorker.runSuite(SuiteRunnerWorker.java:52)
at org.testng.SuiteRunnerWorker.run(SuiteRunnerWorker.java:95)
at org.testng.TestNG.runSuitesSequentially(TestNG.java:1249)
at org.testng.TestNG.runSuitesLocally(TestNG.java:1169)
at org.testng.TestNG.runSuites(TestNG.java:1092)
at org.testng.TestNG.run(TestNG.java:1060)
at org.testng.remote.AbstractRemoteTestNG.run(AbstractRemoteTestNG.java:115)
at org.testng.remote.RemoteTestNG.initAndRun(RemoteTestNG.java:251)
at org.testng.remote.RemoteTestNG.main(RemoteTestNG.java:77)
Suppressed: org.openqa.selenium.json.JsonException: Attempting to close incomplete json stream
Build info: version: '4.1.4', revision: '535d840ee2'
System info: host: 'DESKTOP-47A802P', ip: '192.168.1.2', os.name: 'Windows 10', os.arch: 'amd64', os.version: '10.0', java.version: '17.0.2'
Driver info: driver.version: RemoteWebDriver
at org.openqa.selenium.json.JsonOutput.close(JsonOutput.java:303)
at org.openqa.selenium.json.Json.toJson(Json.java:40)
... 38 more
Caused by: java.lang.reflect.InvocationTargetException
at jdk.internal.reflect.GeneratedMethodAccessor6.invoke(Unknown Source)
at java.base/jdk.internal.reflect.DelegatingMethodAccessorImpl.invoke(DelegatingMethodAccessorImpl.java:43)
at java.base/java.lang.reflect.Method.invoke(Method.java:568)
at org.openqa.selenium.json.JsonOutput.convertUsingMethod(JsonOutput.java:358)
... 59 more
Caused by: org.openqa.selenium.InvalidSelectorException: invalid selector: Unable to locate an element with the xpath expression //span[@class='glyphicon glyphicon-pencil'])[1] because of the following error:
SyntaxError: Failed to execute 'evaluate' on 'Document': The string '//span[@class='glyphicon glyphicon-pencil'])[1]' is not a valid XPath expression.
  (Session info: chrome=103.0.5060.134)
For documentation on this error, please visit: https://selenium.dev/exceptions/#invalid_selector_exception
Build info: version: '4.1.4', revision: '535d840ee2'
System info: host: 'DESKTOP-47A802P', ip: '192.168.1.2', os.name: 'Windows 10', os.arch: 'amd64', os.version: '10.0', java.version: '17.0.2'
Driver info: org.openqa.selenium.chrome.ChromeDriver
Command: [7f171c77698def38532ce09e4343e657, findElement {using=xpath, value=//span[@class='glyphicon glyphicon-pencil'])[1]}]
Capabilities {acceptInsecureCerts: false, browserName: chrome, browserVersion: 103.0.5060.134, chrome: {chromedriverVersion: 103.0.5060.134 (8ec6fce403b..., userDataDir: C:\Users\HP\AppData\Local\T...}, goog:chromeOptions: {debuggerAddress: localhost:58889}, javascriptEnabled: true, networkConnectionEnabled: false, pageLoadStrategy: normal, platform: WINDOWS, platformName: WINDOWS, proxy: Proxy(), se:cdp: ws://localhost:58889/devtoo..., se:cdpVersion: 103.0.5060.134, setWindowRect: true, strictFileInteractability: false, timeouts: {implicit: 0, pageLoad: 300000, script: 30000}, unhandledPromptBehavior: dismiss and notify, webauthn:extension:credBlob: true, webauthn:extension:largeBlob: true, webauthn:virtualAuthenticators: true}
Session ID: 7f171c77698def38532ce09e4343e657
at java.base/jdk.internal.reflect.NativeConstructorAccessorImpl.newInstance0(Native Method)
at java.base/jdk.internal.reflect.NativeConstructorAccessorImpl.newInstance(NativeConstructorAccessorImpl.java:77)
at java.base/jdk.internal.reflect.DelegatingConstructorAccessorImpl.newInstance(DelegatingConstructorAccessorImpl.java:45)
at java.base/java.lang.reflect.Constructor.newInstanceWithCaller(Constructor.java:499)
at java.base/java.lang.reflect.Constructor.newInstance(Constructor.java:480)
at org.openqa.selenium.remote.codec.w3c.W3CHttpResponseCodec.createException(W3CHttpResponseCodec.java:200)
at org.openqa.selenium.remote.codec.w3c.W3CHttpResponseCodec.decode(W3CHttpResponseCodec.java:133)
at org.openqa.selenium.remote.codec.w3c.W3CHttpResponseCodec.decode(W3CHttpResponseCodec.java:53)
at org.openqa.selenium.remote.HttpCommandExecutor.execute(HttpCommandExecutor.java:184)
at org.openqa.selenium.remote.service.DriverCommandExecutor.invokeExecute(DriverCommandExecutor.java:167)
at org.openqa.selenium.remote.service.DriverCommandExecutor.execute(DriverCommandExecutor.java:142)
at org.openqa.selenium.remote.RemoteWebDriver.execute(RemoteWebDriver.java:567)
at org.openqa.selenium.remote.ElementLocation$ElementFinder$2.findElement(ElementLocation.java:162)
at org.openqa.selenium.remote.ElementLocation.findElement(ElementLocation.java:60)
at org.openqa.selenium.remote.RemoteWebDriver.findElement(RemoteWebDriver.java:385)
at org.openqa.selenium.remote.RemoteWebDriver.findElement(RemoteWebDriver.java:377)
at org.openqa.selenium.support.pagefactory.DefaultElementLocator.findElement(DefaultElementLocator.java:70)
at org.openqa.selenium.support.pagefactory.internal.LocatingElementHandler.invoke(LocatingElementHandler.java:39)
at jdk.proxy2/jdk.proxy2.$Proxy20.getWrappedElement(Unknown Source)
at org.openqa.selenium.interactions.PointerInput$Origin.asArg(PointerInput.java:234)
at org.openqa.selenium.interactions.PointerInput$Move.encode(PointerInput.java:185)
at org.openqa.selenium.interactions.Sequence.encode(Sequence.java:73)
at org.openqa.selenium.interactions.Sequence.toJson(Sequence.java:82)
... 63 more
]]>
            </full-stacktrace>
          </exception> <!-- org.openqa.selenium.json.JsonException -->
          <reporter-output>
          </reporter-output>
        </test-method> <!-- pencilClick_edit -->
        <test-method is-config="true" signature="endBrowser()[pri:0, instance:TestCases.TimeSheetTest@7ae0a9ec]" started-at="2022-08-02T15:44:49 IST" name="endBrowser" finished-at="2022-08-02T15:44:49 IST" duration-ms="126" status="PASS">
          <reporter-output>
          </reporter-output>
        </test-method> <!-- endBrowser -->
      </class> <!-- TestCases.TimeSheetTest -->
      <class name="TestCases.DeductionTest">
        <test-method is-config="true" signature="firstcall()[pri:0, instance:TestCases.DeductionTest@35841320]" started-at="2022-08-02T15:44:49 IST" name="firstcall" finished-at="2022-08-02T15:44:53 IST" duration-ms="4043" status="PASS">
          <reporter-output>
          </reporter-output>
        </test-method> <!-- firstcall -->
        <test-method signature="cliconedit_Deduction()[pri:0, instance:TestCases.DeductionTest@35841320]" started-at="2022-08-02T15:44:53 IST" name="cliconedit_Deduction" finished-at="2022-08-02T15:45:02 IST" duration-ms="8612" status="PASS">
          <reporter-output>
          </reporter-output>
        </test-method> <!-- cliconedit_Deduction -->
        <test-method is-config="true" signature="endBrowser()[pri:0, instance:TestCases.DeductionTest@35841320]" started-at="2022-08-02T15:45:02 IST" name="endBrowser" finished-at="2022-08-02T15:45:02 IST" duration-ms="120" status="PASS">
          <reporter-output>
          </reporter-output>
        </test-method> <!-- endBrowser -->
        <test-method is-config="true" signature="firstcall()[pri:0, instance:TestCases.DeductionTest@35841320]" started-at="2022-08-02T15:45:02 IST" name="firstcall" finished-at="2022-08-02T15:45:11 IST" duration-ms="9499" status="PASS">
          <reporter-output>
          </reporter-output>
        </test-method> <!-- firstcall -->
        <test-method signature="viewDeduction()[pri:0, instance:TestCases.DeductionTest@35841320]" started-at="2022-08-02T15:45:11 IST" name="viewDeduction" finished-at="2022-08-02T15:45:16 IST" duration-ms="4352" status="PASS">
          <reporter-output>
          </reporter-output>
        </test-method> <!-- viewDeduction -->
        <test-method is-config="true" signature="endBrowser()[pri:0, instance:TestCases.DeductionTest@35841320]" started-at="2022-08-02T15:45:16 IST" name="endBrowser" finished-at="2022-08-02T15:45:16 IST" duration-ms="108" status="PASS">
          <reporter-output>
          </reporter-output>
        </test-method> <!-- endBrowser -->
      </class> <!-- TestCases.DeductionTest -->
      <class name="TestCases.WorkerTest">
        <test-method is-config="true" signature="firstcall()[pri:0, instance:TestCases.WorkerTest@1972e513]" started-at="2022-08-02T15:44:12 IST" name="firstcall" finished-at="2022-08-02T15:44:17 IST" duration-ms="4433" status="PASS">
          <reporter-output>
          </reporter-output>
        </test-method> <!-- firstcall -->
        <test-method signature="searchworkerpageTest()[pri:0, instance:TestCases.WorkerTest@1972e513]" started-at="2022-08-02T15:44:17 IST" name="searchworkerpageTest" finished-at="2022-08-02T15:44:21 IST" duration-ms="4458" status="PASS">
          <reporter-output>
          </reporter-output>
        </test-method> <!-- searchworkerpageTest -->
        <test-method is-config="true" signature="endBrowser()[pri:0, instance:TestCases.WorkerTest@1972e513]" started-at="2022-08-02T15:44:21 IST" name="endBrowser" finished-at="2022-08-02T15:44:21 IST" duration-ms="120" status="PASS">
          <reporter-output>
          </reporter-output>
        </test-method> <!-- endBrowser -->
      </class> <!-- TestCases.WorkerTest -->
      <class name="TestCases.CreateWorkerTest">
        <test-method is-config="true" signature="firstcall()[pri:0, instance:TestCases.CreateWorkerTest@302c971f]" started-at="2022-08-02T15:43:16 IST" name="firstcall" finished-at="2022-08-02T15:43:20 IST" duration-ms="4602" status="PASS">
          <reporter-output>
          </reporter-output>
        </test-method> <!-- firstcall -->
        <test-method signature="createNewWorker()[pri:0, instance:TestCases.CreateWorkerTest@302c971f]" started-at="2022-08-02T15:43:20 IST" name="createNewWorker" finished-at="2022-08-02T15:43:35 IST" duration-ms="14457" status="PASS">
          <reporter-output>
          </reporter-output>
        </test-method> <!-- createNewWorker -->
        <test-method is-config="true" signature="endBrowser()[pri:0, instance:TestCases.CreateWorkerTest@302c971f]" started-at="2022-08-02T15:43:35 IST" name="endBrowser" finished-at="2022-08-02T15:43:35 IST" duration-ms="127" status="PASS">
          <reporter-output>
          </reporter-output>
        </test-method> <!-- endBrowser -->
        <test-method is-config="true" signature="firstcall()[pri:0, instance:TestCases.CreateWorkerTest@302c971f]" started-at="2022-08-02T15:43:35 IST" name="firstcall" finished-at="2022-08-02T15:43:39 IST" duration-ms="4131" status="PASS">
          <reporter-output>
          </reporter-output>
        </test-method> <!-- firstcall -->
        <test-method signature="fillAllMandatoryFields()[pri:0, instance:TestCases.CreateWorkerTest@302c971f]" started-at="2022-08-02T15:43:39 IST" name="fillAllMandatoryFields" finished-at="2022-08-02T15:43:48 IST" duration-ms="9137" status="PASS">
          <reporter-output>
          </reporter-output>
        </test-method> <!-- fillAllMandatoryFields -->
        <test-method is-config="true" signature="endBrowser()[pri:0, instance:TestCases.CreateWorkerTest@302c971f]" started-at="2022-08-02T15:43:48 IST" name="endBrowser" finished-at="2022-08-02T15:43:48 IST" duration-ms="120" status="PASS">
          <reporter-output>
          </reporter-output>
        </test-method> <!-- endBrowser -->
        <test-method is-config="true" signature="firstcall()[pri:0, instance:TestCases.CreateWorkerTest@302c971f]" started-at="2022-08-02T15:43:48 IST" name="firstcall" finished-at="2022-08-02T15:43:55 IST" duration-ms="7139" status="PASS">
          <reporter-output>
          </reporter-output>
        </test-method> <!-- firstcall -->
        <test-method signature="withoutFilledMandatoryFields()[pri:0, instance:TestCases.CreateWorkerTest@302c971f]" started-at="2022-08-02T15:43:55 IST" name="withoutFilledMandatoryFields" finished-at="2022-08-02T15:44:12 IST" duration-ms="16738" status="PASS">
          <reporter-output>
          </reporter-output>
        </test-method> <!-- withoutFilledMandatoryFields -->
        <test-method is-config="true" signature="endBrowser()[pri:0, instance:TestCases.CreateWorkerTest@302c971f]" started-at="2022-08-02T15:44:12 IST" name="endBrowser" finished-at="2022-08-02T15:44:12 IST" duration-ms="88" status="PASS">
          <reporter-output>
          </reporter-output>
        </test-method> <!-- endBrowser -->
      </class> <!-- TestCases.CreateWorkerTest -->
      <class name="TestCases.ClientTest">
        <test-method is-config="true" signature="firstcall()[pri:0, instance:TestCases.ClientTest@514646ef]" started-at="2022-08-02T15:42:00 IST" name="firstcall" finished-at="2022-08-02T15:42:05 IST" duration-ms="4704" status="PASS">
          <reporter-output>
          </reporter-output>
        </test-method> <!-- firstcall -->
        <test-method signature="searchclientpageTest()[pri:0, instance:TestCases.ClientTest@514646ef]" started-at="2022-08-02T15:42:05 IST" name="searchclientpageTest" finished-at="2022-08-02T15:42:09 IST" duration-ms="4020" status="PASS">
          <reporter-output>
          </reporter-output>
        </test-method> <!-- searchclientpageTest -->
        <test-method is-config="true" signature="endBrowser()[pri:0, instance:TestCases.ClientTest@514646ef]" started-at="2022-08-02T15:42:09 IST" name="endBrowser" finished-at="2022-08-02T15:42:09 IST" duration-ms="128" status="PASS">
          <reporter-output>
          </reporter-output>
        </test-method> <!-- endBrowser -->
        <test-method is-config="true" signature="firstcall()[pri:0, instance:TestCases.ClientTest@514646ef]" started-at="2022-08-02T15:42:09 IST" name="firstcall" finished-at="2022-08-02T15:42:13 IST" duration-ms="4029" status="PASS">
          <reporter-output>
          </reporter-output>
        </test-method> <!-- firstcall -->
        <test-method signature="updateclient()[pri:0, instance:TestCases.ClientTest@514646ef]" started-at="2022-08-02T15:42:13 IST" name="updateclient" finished-at="2022-08-02T15:42:17 IST" duration-ms="4242" status="PASS">
          <reporter-output>
          </reporter-output>
        </test-method> <!-- updateclient -->
        <test-method is-config="true" signature="endBrowser()[pri:0, instance:TestCases.ClientTest@514646ef]" started-at="2022-08-02T15:42:17 IST" name="endBrowser" finished-at="2022-08-02T15:42:17 IST" duration-ms="132" status="PASS">
          <reporter-output>
          </reporter-output>
        </test-method> <!-- endBrowser -->
        <test-method is-config="true" signature="firstcall()[pri:0, instance:TestCases.ClientTest@514646ef]" started-at="2022-08-02T15:42:17 IST" name="firstcall" finished-at="2022-08-02T15:42:21 IST" duration-ms="3871" status="PASS">
          <reporter-output>
          </reporter-output>
        </test-method> <!-- firstcall -->
        <test-method signature="viewclient()[pri:0, instance:TestCases.ClientTest@514646ef]" started-at="2022-08-02T15:42:21 IST" name="viewclient" finished-at="2022-08-02T15:42:27 IST" duration-ms="5405" status="PASS">
          <reporter-output>
          </reporter-output>
        </test-method> <!-- viewclient -->
        <test-method is-config="true" signature="endBrowser()[pri:0, instance:TestCases.ClientTest@514646ef]" started-at="2022-08-02T15:42:27 IST" name="endBrowser" finished-at="2022-08-02T15:42:27 IST" duration-ms="96" status="PASS">
          <reporter-output>
          </reporter-output>
        </test-method> <!-- endBrowser -->
      </class> <!-- TestCases.ClientTest -->
    </test> <!-- Test -->
  </suite> <!-- Suite -->
</testng-results>
